<?xml version="1.0" encoding="UTF-8"?>
<testng-results ignored="0" total="1" passed="1" failed="0" skipped="0">
  <reporter-output>
  </reporter-output>
  <suite started-at="2021-10-06T12:20:58 GST" name="Default suite" finished-at="2021-10-06T12:21:17 GST" duration-ms="19139">
    <groups>
    </groups>
    <test started-at="2021-10-06T12:20:58 GST" name="Default test" finished-at="2021-10-06T12:21:17 GST" duration-ms="19139">
      <class name="Designer.Product_Slider">
        <test-method signature="slider()[pri:1, instance:Designer.Product_Slider@46fa7c39]" started-at="2021-10-06T12:20:58 GST" name="slider" finished-at="2021-10-06T12:21:17 GST" duration-ms="19082" status="PASS">
          <reporter-output>
          </reporter-output>
        </test-method> <!-- slider -->
      </class> <!-- Designer.Product_Slider -->
    </test> <!-- Default test -->
  </suite> <!-- Default suite -->
</testng-results>
